#
# There is insufficient memory for the Java Runtime Environment to continue.
# Native memory allocation (mmap) failed to map 65536 bytes. Error detail: Failed to commit metaspace.
# Possible reasons:
#   The system is out of physical RAM or swap space
#   This process is running with CompressedOops enabled, and the Java Heap may be blocking the growth of the native heap
# Possible solutions:
#   Reduce memory load on the system
#   Increase physical memory or swap space
#   Check if swap backing store is full
#   Decrease Java heap size (-Xmx/-Xms)
#   Decrease number of Java threads
#   Decrease Java thread stack sizes (-Xss)
#   Set larger code cache with -XX:ReservedCodeCacheSize=
#   JVM is running with Unscaled Compressed Oops mode in which the Java heap is
#     placed in the first 4GB address space. The Java Heap base address is the
#     maximum limit for the native heap growth. Please use -XX:HeapBaseMinAddress
#     to set the Java Heap base and to place the Java Heap above 4GB virtual address.
# This output file may be truncated or incomplete.
#
#  Out of Memory Error (virtualSpaceNode.cpp:113), pid=6356, tid=7732
#
# JRE version: OpenJDK Runtime Environment Temurin-21.0.6+7 (21.0.6+7) (build 21.0.6+7-LTS)
# Java VM: OpenJDK 64-Bit Server VM Temurin-21.0.6+7 (21.0.6+7-LTS, mixed mode, sharing, tiered, compressed oops, compressed class ptrs, parallel gc, windows-amd64)
# No core dump will be written. Minidumps are not enabled by default on client versions of Windows
#

---------------  S U M M A R Y ------------

Command Line: --add-modules=ALL-SYSTEM --add-opens=java.base/java.util=ALL-UNNAMED --add-opens=java.base/java.lang=ALL-UNNAMED --add-opens=java.base/sun.nio.fs=ALL-UNNAMED -Declipse.application=org.eclipse.jdt.ls.core.id1 -Dosgi.bundles.defaultStartLevel=4 -Declipse.product=org.eclipse.jdt.ls.core.product -Djava.import.generatesMetadataFilesAtProjectRoot=false -DDetectVMInstallationsJob.disabled=true -Dfile.encoding=utf8 -XX:+UseParallelGC -XX:GCTimeRatio=4 -XX:AdaptiveSizePolicyWeight=90 -Dsun.zip.disableMemoryMapping=true -Xmx1G -Xms100m -Xlog:disable -javaagent:c:\Users\HP\.vscode\extensions\redhat.java-1.41.1-win32-x64\lombok\lombok-1.18.36.jar c:\Users\HP\.vscode\extensions\redhat.java-1.41.1-win32-x64\server\plugins\org.eclipse.equinox.launcher_1.7.0.v20250331-1702.jar -configuration c:\Users\HP\AppData\Roaming\Code\User\globalStorage\redhat.java\1.41.1\config_ss_win -data c:\Users\HP\AppData\Roaming\Code\User\workspaceStorage\3a51ca163c63338796b7d72c5320197f\redhat.java\ss_ws --pipe=\\.\pipe\lsp-04801e5fb22e5da0eb110c264185852b-sock

Host: Intel(R) Celeron(R) CPU  N3060  @ 1.60GHz, 2 cores, 3G,  Windows 10 , 64 bit Build 18362 (10.0.18362.1110)
Time: Sun May 11 20:13:50 2025 W. Central Africa Standard Time elapsed time: 1.141274 seconds (0d 0h 0m 1s)

---------------  T H R E A D  ---------------

Current thread (0x0000022384d04f90):  JavaThread "main"             [_thread_in_vm, id=7732, stack(0x000000ece5a00000,0x000000ece5b00000) (1024K)]

Stack: [0x000000ece5a00000,0x000000ece5b00000]
Native frames: (J=compiled Java code, j=interpreted, Vv=VM code, C=native code)
V  [jvm.dll+0x6cdee9]
V  [jvm.dll+0x8a83d1]
V  [jvm.dll+0x8aa8fe]
V  [jvm.dll+0x8aafe3]
V  [jvm.dll+0x27f706]
V  [jvm.dll+0x8a411e]
V  [jvm.dll+0x670385]
V  [jvm.dll+0x6703ea]
V  [jvm.dll+0x672bd2]
V  [jvm.dll+0x672aa2]
V  [jvm.dll+0x670d5e]
V  [jvm.dll+0x26941f]
V  [jvm.dll+0x67afc5]
V  [jvm.dll+0x21561d]
V  [jvm.dll+0x215b9a]
V  [jvm.dll+0x2165c5]
V  [jvm.dll+0x20bb8e]
V  [jvm.dll+0x5ae3ec]
V  [jvm.dll+0x21d24a]
V  [jvm.dll+0x820d9c]
V  [jvm.dll+0x821dc4]
V  [jvm.dll+0x8225b0]
V  [jvm.dll+0x2169bc]
V  [jvm.dll+0x20bba7]
V  [jvm.dll+0x5ae3ec]
V  [jvm.dll+0x21d24a]
V  [jvm.dll+0x820d9c]
V  [jvm.dll+0x821dc4]
V  [jvm.dll+0x8225b0]
V  [jvm.dll+0x2169bc]
V  [jvm.dll+0x20bba7]
V  [jvm.dll+0x5ae3ec]
V  [jvm.dll+0x21d24a]
V  [jvm.dll+0x820d9c]
V  [jvm.dll+0x821dc4]
V  [jvm.dll+0x822392]
V  [jvm.dll+0x822018]
V  [jvm.dll+0x26cd7b]
V  [jvm.dll+0x3d479e]
C  0x000002238f448fd1

The last pc belongs to new (printed below).
Java frames: (J=compiled Java code, j=interpreted, Vv=VM code)
j  sun.net.www.protocol.jar.Handler.openConnection(Ljava/net/URL;)Ljava/net/URLConnection;+0 java.base@21.0.6
j  java.net.URL.openConnection()Ljava/net/URLConnection;+5 java.base@21.0.6
j  java.net.URL.openStream()Ljava/io/InputStream;+1 java.base@21.0.6
j  lombok.launch.ShadowClassLoader.urlToDefineClass(Ljava/lang/String;Ljava/net/URL;Z)Ljava/lang/Class;+4
j  lombok.launch.ShadowClassLoader.loadClass(Ljava/lang/String;Z)Ljava/lang/Class;+238
j  java.lang.ClassLoader.loadClass(Ljava/lang/String;)Ljava/lang/Class;+3 java.base@21.0.6
j  lombok.launch.Agent.runLauncher(Ljava/lang/String;Ljava/lang/instrument/Instrumentation;Z)V+7
j  lombok.launch.Agent.premain(Ljava/lang/String;Ljava/lang/instrument/Instrumentation;)V+3
j  java.lang.invoke.LambdaForm$DMH+0x000002239a000c00.invokeStatic(Ljava/lang/Object;Ljava/lang/Object;Ljava/lang/Object;)V+11 java.base@21.0.6
j  java.lang.invoke.LambdaForm$MH+0x000002239a002800.invoke(Ljava/lang/Object;Ljava/lang/Object;Ljava/lang/Object;Ljava/lang/Object;)Ljava/lang/Object;+54 java.base@21.0.6
j  java.lang.invoke.LambdaForm$MH+0x000002239a002c00.invokeExact_MT(Ljava/lang/Object;Ljava/lang/Object;Ljava/lang/Object;Ljava/lang/Object;Ljava/lang/Object;)Ljava/lang/Object;+22 java.base@21.0.6
j  jdk.internal.reflect.DirectMethodHandleAccessor.invokeImpl(Ljava/lang/Object;[Ljava/lang/Object;)Ljava/lang/Object;+72 java.base@21.0.6
j  jdk.internal.reflect.DirectMethodHandleAccessor.invoke(Ljava/lang/Object;[Ljava/lang/Object;)Ljava/lang/Object;+23 java.base@21.0.6
j  java.lang.reflect.Method.invoke(Ljava/lang/Object;[Ljava/lang/Object;)Ljava/lang/Object;+102 java.base@21.0.6
j  sun.instrument.InstrumentationImpl.loadClassAndStartAgent(Ljava/lang/String;Ljava/lang/String;Ljava/lang/String;)V+165 java.instrument@21.0.6
j  sun.instrument.InstrumentationImpl.loadClassAndCallPremain(Ljava/lang/String;Ljava/lang/String;)V+6 java.instrument@21.0.6
v  ~StubRoutines::call_stub 0x000002238f431015
new  187 new  [0x000002238f448e40, 0x000002238f449040]  512 bytes
[MachCode]
  0x000002238f448e40: 4883 ec08 | f30f 1104 | 24eb 1f48 | 83ec 10f2 | 0f11 0424 | eb14 4883 | ec10 4889 | 0424 48c7 
  0x000002238f448e60: 4424 0800 | 0000 00eb | 0150 410f | b755 010f | cac1 ea10 | 488b 4de8 | 488b 4908 | 488b 4908 
  0x000002238f448e80: 488b 4108 | 807c 1004 | 070f 85d3 | 0000 0066 | 8b54 d148 | 488b 4928 | 488b 4cd1 | 0851 80b9 
  0x000002238f448ea0: 2101 0000 | 040f 85b6 | 0000 008b | 5108 f6c2 | 010f 85aa | 0000 0049 | 8b87 b801 | 0000 488d 
  0x000002238f448ec0: 1c10 493b | 9fc8 0100 | 000f 8792 | 0000 0049 | 899f b801 | 0000 4883 | ea10 0f84 | 0f00 0000 
  0x000002238f448ee0: 33c9 c1ea | 0348 894c | d008 48ff | ca75 f648 | c700 0100 | 0000 5933 | f689 700c | 49ba 0000 
  0x000002238f448f00: 0099 2302 | 0000 492b | ca89 4808 | 49ba 365b | fc6f f87f | 0000 4180 | 3a00 0f84 | 3c00 0000 
  0x000002238f448f20: 5048 8bc8 | 4883 ec20 | 40f6 c40f | 0f84 1900 | 0000 4883 | ec08 48b8 | 004c a66f | f87f 0000 
  0x000002238f448f40: ffd0 4883 | c408 e90c | 0000 0048 | b800 4ca6 | 6ff8 7f00 | 00ff d048 | 83c4 2058 | e9c5 0000 
  0x000002238f448f60: 0059 488b | 55e8 488b | 5208 488b | 5208 450f | b745 0141 | 0fc8 41c1 | e810 e805 | 0000 00e9 
  0x000002238f448f80: a200 0000 | 488d 4424 | 084c 896d | c049 8bcf | 4989 afa8 | 0300 0049 | 8987 9803 | 0000 4883 
  0x000002238f448fa0: ec20 40f6 | c40f 0f84 | 1900 0000 | 4883 ec08 | 48b8 5047 | 706f f87f | 0000 ffd0 | 4883 c408 
  0x000002238f448fc0: e90c 0000 | 0048 b850 | 4770 6ff8 | 7f00 00ff | d048 83c4 | 2049 c787 | 9803 0000 | 0000 0000 
  0x000002238f448fe0: 49c7 87a8 | 0300 0000 | 0000 0049 | c787 a003 | 0000 0000 | 0000 4983 | 7f08 000f | 8405 0000 
  0x000002238f449000: 00e9 fa7e | feff 498b | 87f0 0300 | 0049 c787 | f003 0000 | 0000 0000 | 4c8b 6dc0 | 4c8b 75c8 
  0x000002238f449020: 4e8d 74f5 | 00c3 410f | b65d 0349 | 83c5 0349 | ba30 21ff | 6ff8 7f00 | 0041 ff24 | da66 6690 
[/MachCode]

---------------  P R O C E S S  ---------------

Threads class SMR info:
_java_thread_list=0x00000223da1ec7b0, length=10, elements={
0x0000022384d04f90, 0x00000223da0f0ac0, 0x00000223da0f2320, 0x00000223da0f5ba0,
0x00000223da0f8d40, 0x00000223da0fc910, 0x00000223da0fd360, 0x00000223da0fe190,
0x00000223da16f360, 0x00000223da1ede10
}

Java Threads: ( => current thread )
=>0x0000022384d04f90 JavaThread "main"                              [_thread_in_vm, id=7732, stack(0x000000ece5a00000,0x000000ece5b00000) (1024K)]
  0x00000223da0f0ac0 JavaThread "Reference Handler"          daemon [_thread_blocked, id=9052, stack(0x000000ece5e00000,0x000000ece5f00000) (1024K)]
  0x00000223da0f2320 JavaThread "Finalizer"                  daemon [_thread_blocked, id=4508, stack(0x000000ece5f00000,0x000000ece6000000) (1024K)]
  0x00000223da0f5ba0 JavaThread "Signal Dispatcher"          daemon [_thread_blocked, id=3920, stack(0x000000ece6000000,0x000000ece6100000) (1024K)]
  0x00000223da0f8d40 JavaThread "Attach Listener"            daemon [_thread_blocked, id=4200, stack(0x000000ece6100000,0x000000ece6200000) (1024K)]
  0x00000223da0fc910 JavaThread "Service Thread"             daemon [_thread_blocked, id=960, stack(0x000000ece6200000,0x000000ece6300000) (1024K)]
  0x00000223da0fd360 JavaThread "Monitor Deflation Thread"   daemon [_thread_blocked, id=7472, stack(0x000000ece6300000,0x000000ece6400000) (1024K)]
  0x00000223da0fe190 JavaThread "C2 CompilerThread0"         daemon [_thread_blocked, id=324, stack(0x000000ece6400000,0x000000ece6500000) (1024K)]
  0x00000223da16f360 JavaThread "C1 CompilerThread0"         daemon [_thread_in_vm, id=7636, stack(0x000000ece6500000,0x000000ece6600000) (1024K)]
  0x00000223da1ede10 JavaThread "Common-Cleaner"             daemon [_thread_blocked, id=1712, stack(0x000000ece6600000,0x000000ece6700000) (1024K)]
Total: 10

Other Threads:
  0x0000022384dc5100 VMThread "VM Thread"                           [id=6596, stack(0x000000ece5d00000,0x000000ece5e00000) (1024K)]
  0x00000223da0dcb00 WatcherThread "VM Periodic Task Thread"        [id=8320, stack(0x000000ece5c00000,0x000000ece5d00000) (1024K)]
  0x0000022384d26450 WorkerThread "GC Thread#0"                     [id=8700, stack(0x000000ece5b00000,0x000000ece5c00000) (1024K)]
Total: 3

Threads with active compile tasks:
C1 CompilerThread0  1615  308       3       java.lang.String::newStringUTF8NoRepl (322 bytes)
Total: 1

VM state: not at safepoint (normal execution)

VM Mutex/Monitor currently owned by a thread:  ([mutex/lock_event])
[0x00007ff86ffdc300] Metaspace_lock - owner thread: 0x0000022384d04f90

Heap address: 0x00000000c0000000, size: 1024 MB, Compressed Oops mode: 32-bit

CDS archive(s) mapped at: [0x0000022399000000-0x0000022399ba0000-0x0000022399ba0000), size 12189696, SharedBaseAddress: 0x0000022399000000, ArchiveRelocationMode: 1.
Compressed class space mapped at: 0x000002239a000000-0x00000223da000000, reserved size: 1073741824
Narrow klass base: 0x0000022399000000, Narrow klass shift: 0, Narrow klass range: 0x100000000

GC Precious Log:
 CardTable entry size: 512
 CPUs: 2 total, 2 available
 Memory: 4040M
 Large Page Support: Disabled
 NUMA Support: Disabled
 Compressed Oops: Enabled (32-bit)
 Alignments: Space 512K, Generation 512K, Heap 2M
 Heap Min Capacity: 100M
 Heap Initial Capacity: 100M
 Heap Max Capacity: 1G
 Pre-touch: Disabled
 Parallel Workers: 2

Heap:
 PSYoungGen      total 29696K, used 4097K [0x00000000eab00000, 0x00000000ecc00000, 0x0000000100000000)
  eden space 25600K, 16% used [0x00000000eab00000,0x00000000eaf00738,0x00000000ec400000)
  from space 4096K, 0% used [0x00000000ec800000,0x00000000ec800000,0x00000000ecc00000)
  to   space 4096K, 0% used [0x00000000ec400000,0x00000000ec400000,0x00000000ec800000)
 ParOldGen       total 68608K, used 0K [0x00000000c0000000, 0x00000000c4300000, 0x00000000eab00000)
  object space 68608K, 0% used [0x00000000c0000000,0x00000000c0000000,0x00000000c4300000)
 Metaspace       used 527K, committed 640K, reserved 1114112K
  class space    used 36K, committed 128K, reserved 1048576K

Card table byte_map: [0x00000223846b0000,0x00000223848c0000] _byte_map_base: 0x00000223840b0000

Marking Bits: (ParMarkBitMap*) 0x00007ff86ffe3260
 Begin Bits: [0x0000022396f00000, 0x0000022397f00000)
 End Bits:   [0x0000022397f00000, 0x0000022398f00000)

Polling page: 0x0000022382a80000

Metaspace:

Usage:
  Non-class:    490.94 KB used.
      Class:     36.21 KB used.
       Both:    527.15 KB used.

Virtual space:
  Non-class space:       64.00 MB reserved,     512.00 KB ( <1%) committed,  1 nodes.
      Class space:        1.00 GB reserved,     128.00 KB ( <1%) committed,  1 nodes.
             Both:        1.06 GB reserved,     640.00 KB ( <1%) committed. 

Chunk freelists:
   Non-Class:  11.94 MB
       Class:  15.74 MB
        Both:  27.67 MB

MaxMetaspaceSize: unlimited
CompressedClassSpaceSize: 1.00 GB
Initial GC threshold: 21.00 MB
Current GC threshold: 21.00 MB
CDS: on
 - commit_granule_bytes: 65536.
 - commit_granule_words: 8192.
 - virtual_space_node_default_size: 8388608.
 - enlarge_chunks_in_place: 1.
 - use_allocation_guard: 0.


Internal statistics:

num_allocs_failed_limit: 0.
num_arena_births: 22.
num_arena_deaths: 0.
num_vsnodes_births: 2.
num_vsnodes_deaths: 0.
num_space_committed: 10.
num_space_uncommitted: 0.
num_chunks_returned_to_freelist: 0.
num_chunks_taken_from_freelist: 27.
num_chunk_merges: 0.
num_chunk_splits: 19.
num_chunks_enlarged: 11.
num_inconsistent_stats: 0.

CodeHeap 'non-profiled nmethods': size=120064Kb used=94Kb max_used=94Kb free=119969Kb
 bounds [0x000002238f9c0000, 0x000002238fc30000, 0x0000022396f00000]
CodeHeap 'profiled nmethods': size=120000Kb used=362Kb max_used=362Kb free=119637Kb
 bounds [0x0000022387f00000, 0x0000022388170000, 0x000002238f430000]
CodeHeap 'non-nmethods': size=5696Kb used=1142Kb max_used=1156Kb free=4553Kb
 bounds [0x000002238f430000, 0x000002238f6a0000, 0x000002238f9c0000]
 total_blobs=698 nmethods=306 adapters=300
 compilation: enabled
              stopped_count=0, restarted_count=0
 full_count=0

Compilation events (20 events):
Event: 1.076 Thread 0x00000223da16f360 nmethod 290 0x0000022387f51710 code [0x0000022387f518c0, 0x0000022387f51a98]
Event: 1.076 Thread 0x00000223da16f360  292       3       java.util.zip.ZipUtils::CENSIZ (9 bytes)
Event: 1.076 Thread 0x00000223da16f360 nmethod 292 0x0000022387f51b90 code [0x0000022387f51d40, 0x0000022387f52018]
Event: 1.076 Thread 0x00000223da16f360  293       3       java.util.zip.ZipFile$Source::getEntryPos (9 bytes)
Event: 1.077 Thread 0x00000223da16f360 nmethod 293 0x0000022387f52190 code [0x0000022387f52340, 0x0000022387f52480]
Event: 1.077 Thread 0x00000223da16f360  294       3       java.util.zip.ZipFile::getZipEntry (322 bytes)
Event: 1.083 Thread 0x00000223da16f360 nmethod 294 0x0000022387f52590 code [0x0000022387f52ae0, 0x0000022387f559b0]
Event: 1.084 Thread 0x00000223da16f360  307       3       java.lang.System$2::newStringUTF8NoRepl (8 bytes)
Event: 1.084 Thread 0x00000223da16f360 nmethod 307 0x0000022387f56c10 code [0x0000022387f56dc0, 0x0000022387f56f08]
Event: 1.084 Thread 0x00000223da16f360  295       3       java.util.jar.JavaUtilJarAccessImpl::entryFor (6 bytes)
Event: 1.085 Thread 0x00000223da16f360 nmethod 295 0x0000022387f56f90 code [0x0000022387f57160, 0x0000022387f57488]
Event: 1.085 Thread 0x00000223da16f360  296       3       java.util.jar.JarFile::entryFor (10 bytes)
Event: 1.086 Thread 0x00000223da16f360 nmethod 296 0x0000022387f57610 code [0x0000022387f577c0, 0x0000022387f57a80]
Event: 1.086 Thread 0x00000223da16f360  297       3       java.util.jar.JarFile$JarFileEntry::<init> (16 bytes)
Event: 1.087 Thread 0x00000223da16f360 nmethod 297 0x0000022387f57b90 code [0x0000022387f57d40, 0x0000022387f57f30]
Event: 1.087 Thread 0x00000223da16f360  298       3       java.util.jar.JarEntry::<init> (6 bytes)
Event: 1.087 Thread 0x00000223da16f360 nmethod 298 0x0000022387f58010 code [0x0000022387f581c0, 0x0000022387f582f8]
Event: 1.087 Thread 0x00000223da16f360  299       3       java.util.zip.ZipEntry::<init> (84 bytes)
Event: 1.089 Thread 0x00000223da16f360 nmethod 299 0x0000022387f58390 code [0x0000022387f58580, 0x0000022387f58ab0]
Event: 1.089 Thread 0x00000223da16f360  300       3       java.util.zip.ZipUtils::CENTIM (9 bytes)

GC Heap History (0 events):
No events

Dll operation events (7 events):
Event: 0.022 Loaded shared library c:\Users\HP\.vscode\extensions\redhat.java-1.41.1-win32-x64\jre\21.0.6-win32-x86_64\bin\java.dll
Event: 0.610 Loaded shared library c:\Users\HP\.vscode\extensions\redhat.java-1.41.1-win32-x64\jre\21.0.6-win32-x86_64\bin\zip.dll
Event: 0.766 Loaded shared library C:\Users\HP\.vscode\extensions\redhat.java-1.41.1-win32-x64\jre\21.0.6-win32-x86_64\bin\instrument.dll
Event: 0.791 Loaded shared library C:\Users\HP\.vscode\extensions\redhat.java-1.41.1-win32-x64\jre\21.0.6-win32-x86_64\bin\net.dll
Event: 0.798 Loaded shared library C:\Users\HP\.vscode\extensions\redhat.java-1.41.1-win32-x64\jre\21.0.6-win32-x86_64\bin\nio.dll
Event: 0.814 Loaded shared library C:\Users\HP\.vscode\extensions\redhat.java-1.41.1-win32-x64\jre\21.0.6-win32-x86_64\bin\zip.dll
Event: 0.973 Loaded shared library C:\Users\HP\.vscode\extensions\redhat.java-1.41.1-win32-x64\jre\21.0.6-win32-x86_64\bin\jimage.dll

Deoptimization events (0 events):
No events

Classes loaded (20 events):
Event: 0.961 Loading class java/io/InputStreamReader done
Event: 0.961 Loading class java/net/MalformedURLException
Event: 0.962 Loading class java/net/MalformedURLException done
Event: 0.962 Loading class java/io/UnsupportedEncodingException
Event: 0.962 Loading class java/io/UnsupportedEncodingException done
Event: 0.966 Loading class java/util/Arrays$ArrayItr
Event: 0.966 Loading class java/util/Arrays$ArrayItr done
Event: 1.058 Loading class java/net/URLDecoder
Event: 1.058 Loading class java/net/URLDecoder done
Event: 1.062 Loading class java/util/WeakHashMap$EntrySet
Event: 1.062 Loading class java/util/WeakHashMap$EntrySet done
Event: 1.062 Loading class java/util/WeakHashMap$EntryIterator
Event: 1.062 Loading class java/util/WeakHashMap$HashIterator
Event: 1.062 Loading class java/util/WeakHashMap$HashIterator done
Event: 1.062 Loading class java/util/WeakHashMap$EntryIterator done
Event: 1.064 Loading class java/util/zip/ZipFile$ZipEntryIterator
Event: 1.065 Loading class java/util/zip/ZipFile$ZipEntryIterator done
Event: 1.087 Loading class sun/net/www/protocol/jar/JarURLConnection
Event: 1.088 Loading class java/net/JarURLConnection
Event: 1.088 Loading class java/net/URLConnection

Classes unloaded (0 events):
No events

Classes redefined (0 events):
No events

Internal exceptions (2 events):
Event: 0.580 Thread 0x0000022384d04f90 Exception <a 'java/lang/NoSuchMethodError'{0x00000000ead29d08}: 'void java.lang.invoke.DirectMethodHandle$Holder.invokeStatic(java.lang.Object, java.lang.Object, java.lang.Object)'> (0x00000000ead29d08) 
thrown [s\src\hotspot\share\interpreter\linkResolver.cpp, line 773]
Event: 0.950 Thread 0x0000022384d04f90 Exception <a 'java/lang/NoSuchMethodError'{0x00000000eae91c70}: 'java.lang.Object java.lang.invoke.Invokers$Holder.invokeExact_MT(java.lang.Object, java.lang.Object, java.lang.Object, java.lang.Object, java.lang.Object)'> (0x00000000eae91c70) 
thrown [s\src\hotspot\share\interpreter\linkResolver.cpp, line 773]

ZGC Phase Switch (0 events):
No events

VM Operations (2 events):
Event: 0.606 Executing VM operation: HandshakeAllThreads (Deoptimize)
Event: 0.607 Executing VM operation: HandshakeAllThreads (Deoptimize) done

Memory protections (0 events):
No events

Nmethod flushes (0 events):
No events

Events (10 events):
Event: 0.107 Thread 0x0000022384d04f90 Thread added: 0x0000022384d04f90
Event: 0.234 Thread 0x0000022384d04f90 Thread added: 0x00000223da0f0ac0
Event: 0.235 Thread 0x0000022384d04f90 Thread added: 0x00000223da0f2320
Event: 0.236 Thread 0x0000022384d04f90 Thread added: 0x00000223da0f5ba0
Event: 0.236 Thread 0x0000022384d04f90 Thread added: 0x00000223da0f8d40
Event: 0.236 Thread 0x0000022384d04f90 Thread added: 0x00000223da0fc910
Event: 0.237 Thread 0x0000022384d04f90 Thread added: 0x00000223da0fd360
Event: 0.237 Thread 0x0000022384d04f90 Thread added: 0x00000223da0fe190
Event: 0.265 Thread 0x0000022384d04f90 Thread added: 0x00000223da16f360
Event: 0.515 Thread 0x0000022384d04f90 Thread added: 0x00000223da1ede10


Dynamic libraries:
0x00007ff681bb0000 - 0x00007ff681bbe000 	c:\Users\HP\.vscode\extensions\redhat.java-1.41.1-win32-x64\jre\21.0.6-win32-x86_64\bin\java.exe
0x00007ff89cf00000 - 0x00007ff89d0f0000 	C:\Windows\SYSTEM32\ntdll.dll
0x00007ff89b3b0000 - 0x00007ff89b462000 	C:\Windows\System32\KERNEL32.DLL
0x00007ff89a7b0000 - 0x00007ff89aa55000 	C:\Windows\System32\KERNELBASE.dll
0x00007ff89ac80000 - 0x00007ff89ad7a000 	C:\Windows\System32\ucrtbase.dll
0x00007ff894760000 - 0x00007ff894778000 	c:\Users\HP\.vscode\extensions\redhat.java-1.41.1-win32-x64\jre\21.0.6-win32-x86_64\bin\jli.dll
0x00007ff89afb0000 - 0x00007ff89b144000 	C:\Windows\System32\USER32.dll
0x00007ff899e90000 - 0x00007ff899eb1000 	C:\Windows\System32\win32u.dll
0x00007ff89c2d0000 - 0x00007ff89c2f6000 	C:\Windows\System32\GDI32.dll
0x00007ff89ae10000 - 0x00007ff89afa6000 	C:\Windows\System32\gdi32full.dll
0x00007ff89a710000 - 0x00007ff89a7ae000 	C:\Windows\System32\msvcp_win.dll
0x00007ff8936b0000 - 0x00007ff8936ce000 	c:\Users\HP\.vscode\extensions\redhat.java-1.41.1-win32-x64\jre\21.0.6-win32-x86_64\bin\VCRUNTIME140.dll
0x00007ff88b710000 - 0x00007ff88b994000 	C:\Windows\WinSxS\amd64_microsoft.windows.common-controls_6595b64144ccf1df_6.0.18362.1139_none_9e7bf2d3e4605ac6\COMCTL32.dll
0x00007ff89c230000 - 0x00007ff89c2ce000 	C:\Windows\System32\msvcrt.dll
0x00007ff89b800000 - 0x00007ff89bb35000 	C:\Windows\System32\combase.dll
0x00007ff89c5a0000 - 0x00007ff89c6c0000 	C:\Windows\System32\RPCRT4.dll
0x00007ff89ac00000 - 0x00007ff89ac80000 	C:\Windows\System32\bcryptPrimitives.dll
0x00007ff89ca20000 - 0x00007ff89ca4e000 	C:\Windows\System32\IMM32.DLL
0x00007ff896370000 - 0x00007ff89637c000 	c:\Users\HP\.vscode\extensions\redhat.java-1.41.1-win32-x64\jre\21.0.6-win32-x86_64\bin\vcruntime140_1.dll
0x00007ff8900c0000 - 0x00007ff89014d000 	c:\Users\HP\.vscode\extensions\redhat.java-1.41.1-win32-x64\jre\21.0.6-win32-x86_64\bin\msvcp140.dll
0x00007ff86f330000 - 0x00007ff8700c0000 	c:\Users\HP\.vscode\extensions\redhat.java-1.41.1-win32-x64\jre\21.0.6-win32-x86_64\bin\server\jvm.dll
0x00007ff89c830000 - 0x00007ff89c8d3000 	C:\Windows\System32\ADVAPI32.dll
0x00007ff89c6c0000 - 0x00007ff89c757000 	C:\Windows\System32\sechost.dll
0x00007ff899dd0000 - 0x00007ff899e1a000 	C:\Windows\System32\POWRPROF.dll
0x00007ff899dc0000 - 0x00007ff899dd0000 	C:\Windows\System32\UMPDC.dll
0x00007ff89c7c0000 - 0x00007ff89c82f000 	C:\Windows\System32\WS2_32.dll
0x00007ff8978b0000 - 0x00007ff8978d4000 	C:\Windows\SYSTEM32\WINMM.dll
0x00007ff893ec0000 - 0x00007ff893eca000 	C:\Windows\SYSTEM32\VERSION.dll
0x00007ff897880000 - 0x00007ff8978ad000 	C:\Windows\SYSTEM32\WINMMBASE.dll
0x00007ff89aa60000 - 0x00007ff89aaaa000 	C:\Windows\System32\cfgmgr32.dll
0x00007ff899e70000 - 0x00007ff899e81000 	C:\Windows\System32\kernel.appcore.dll
0x00007ff896350000 - 0x00007ff89635a000 	c:\Users\HP\.vscode\extensions\redhat.java-1.41.1-win32-x64\jre\21.0.6-win32-x86_64\bin\jimage.dll
0x00007ff887f70000 - 0x00007ff888164000 	C:\Windows\SYSTEM32\DBGHELP.DLL
0x00007ff887da0000 - 0x00007ff887dca000 	C:\Windows\SYSTEM32\dbgcore.DLL
0x00007ff894b10000 - 0x00007ff894b1f000 	c:\Users\HP\.vscode\extensions\redhat.java-1.41.1-win32-x64\jre\21.0.6-win32-x86_64\bin\instrument.dll
0x00007ff893620000 - 0x00007ff89363f000 	c:\Users\HP\.vscode\extensions\redhat.java-1.41.1-win32-x64\jre\21.0.6-win32-x86_64\bin\java.dll
0x00007ff89bb40000 - 0x00007ff89c227000 	C:\Windows\System32\SHELL32.dll
0x00007ff89b150000 - 0x00007ff89b1f9000 	C:\Windows\System32\shcore.dll
0x00007ff899ec0000 - 0x00007ff89a640000 	C:\Windows\System32\windows.storage.dll
0x00007ff899e40000 - 0x00007ff899e63000 	C:\Windows\System32\profapi.dll
0x00007ff89b650000 - 0x00007ff89b6a2000 	C:\Windows\System32\shlwapi.dll
0x00007ff89a640000 - 0x00007ff89a657000 	C:\Windows\System32\cryptsp.dll
0x00007ff8927d0000 - 0x00007ff8927e8000 	c:\Users\HP\.vscode\extensions\redhat.java-1.41.1-win32-x64\jre\21.0.6-win32-x86_64\bin\zip.dll
0x00007ff894750000 - 0x00007ff894760000 	C:\Users\HP\.vscode\extensions\redhat.java-1.41.1-win32-x64\jre\21.0.6-win32-x86_64\bin\net.dll
0x00007ff88c410000 - 0x00007ff88c500000 	C:\Windows\SYSTEM32\WINHTTP.dll
0x00007ff8995b0000 - 0x00007ff899617000 	C:\Windows\system32\mswsock.dll
0x00007ff890060000 - 0x00007ff890076000 	C:\Users\HP\.vscode\extensions\redhat.java-1.41.1-win32-x64\jre\21.0.6-win32-x86_64\bin\nio.dll

dbghelp: loaded successfully - version: 4.0.5 - missing functions: none
symbol engine: initialized successfully - sym options: 0x614 - pdb path: .;c:\Users\HP\.vscode\extensions\redhat.java-1.41.1-win32-x64\jre\21.0.6-win32-x86_64\bin;C:\Windows\SYSTEM32;C:\Windows\WinSxS\amd64_microsoft.windows.common-controls_6595b64144ccf1df_6.0.18362.1139_none_9e7bf2d3e4605ac6;c:\Users\HP\.vscode\extensions\redhat.java-1.41.1-win32-x64\jre\21.0.6-win32-x86_64\bin\server

VM Arguments:
jvm_args: --add-modules=ALL-SYSTEM --add-opens=java.base/java.util=ALL-UNNAMED --add-opens=java.base/java.lang=ALL-UNNAMED --add-opens=java.base/sun.nio.fs=ALL-UNNAMED -Declipse.application=org.eclipse.jdt.ls.core.id1 -Dosgi.bundles.defaultStartLevel=4 -Declipse.product=org.eclipse.jdt.ls.core.product -Djava.import.generatesMetadataFilesAtProjectRoot=false -DDetectVMInstallationsJob.disabled=true -Dfile.encoding=utf8 -XX:+UseParallelGC -XX:GCTimeRatio=4 -XX:AdaptiveSizePolicyWeight=90 -Dsun.zip.disableMemoryMapping=true -Xmx1G -Xms100m -Xlog:disable -javaagent:c:\Users\HP\.vscode\extensions\redhat.java-1.41.1-win32-x64\lombok\lombok-1.18.36.jar 
java_command: c:\Users\HP\.vscode\extensions\redhat.java-1.41.1-win32-x64\server\plugins\org.eclipse.equinox.launcher_1.7.0.v20250331-1702.jar -configuration c:\Users\HP\AppData\Roaming\Code\User\globalStorage\redhat.java\1.41.1\config_ss_win -data c:\Users\HP\AppData\Roaming\Code\User\workspaceStorage\3a51ca163c63338796b7d72c5320197f\redhat.java\ss_ws --pipe=\\.\pipe\lsp-04801e5fb22e5da0eb110c264185852b-sock
java_class_path (initial): c:\Users\HP\.vscode\extensions\redhat.java-1.41.1-win32-x64\server\plugins\org.eclipse.equinox.launcher_1.7.0.v20250331-1702.jar
Launcher Type: SUN_STANDARD

[Global flags]
    uintx AdaptiveSizePolicyWeight                 = 90                                        {product} {command line}
     intx CICompilerCount                          = 2                                         {product} {ergonomic}
    uintx GCTimeRatio                              = 4                                         {product} {command line}
   size_t InitialHeapSize                          = 104857600                                 {product} {command line}
   size_t MaxHeapSize                              = 1073741824                                {product} {command line}
   size_t MaxNewSize                               = 357564416                                 {product} {ergonomic}
   size_t MinHeapDeltaBytes                        = 524288                                    {product} {ergonomic}
   size_t MinHeapSize                              = 104857600                                 {product} {command line}
   size_t NewSize                                  = 34603008                                  {product} {ergonomic}
    uintx NonNMethodCodeHeapSize                   = 5826188                                {pd product} {ergonomic}
    uintx NonProfiledCodeHeapSize                  = 122916026                              {pd product} {ergonomic}
   size_t OldSize                                  = 70254592                                  {product} {ergonomic}
    uintx ProfiledCodeHeapSize                     = 122916026                              {pd product} {ergonomic}
    uintx ReservedCodeCacheSize                    = 251658240                              {pd product} {ergonomic}
     bool SegmentedCodeCache                       = true                                      {product} {ergonomic}
   size_t SoftMaxHeapSize                          = 1073741824                             {manageable} {ergonomic}
     bool UseCompressedOops                        = true                           {product lp64_product} {ergonomic}
     bool UseLargePagesIndividualAllocation        = false                                  {pd product} {ergonomic}
     bool UseParallelGC                            = true                                      {product} {command line}

Logging:
Log output configuration:
 #0: stdout all=off uptime,level,tags foldmultilines=false
 #1: stderr all=off uptime,level,tags foldmultilines=false

Environment Variables:
JAVA_HOME=C:\Program Files\Java\jdk-17.0.15
PATH=C:\Windows\system32;C:\Windows;C:\Windows\System32\Wbem;C:\Windows\System32\WindowsPowerShell\v1.0\;C:\Windows\System32\OpenSSH\;C:\ProgramData\chocolatey\bin;C:\Program Files\Java\jdk-17.0.15\bin;C:\Program Files\Git\cmd;C:\Program Files\Git\cmd;C:\Users\HP\AppData\Local\Microsoft\WindowsApps;C:\Users\HP\AppData\Local\Programs\Microsoft VS Code\bin
USERNAME=HP
OS=Windows_NT
PROCESSOR_IDENTIFIER=Intel64 Family 6 Model 76 Stepping 4, GenuineIntel
TMP=C:\Users\HP\AppData\Local\Temp
TEMP=C:\Users\HP\AppData\Local\Temp




Periodic native trim disabled

---------------  S Y S T E M  ---------------

OS:
 Windows 10 , 64 bit Build 18362 (10.0.18362.1110)
OS uptime: 0 days 6:15 hours

CPU: total 2 (initial active 2) (2 cores per cpu, 1 threads per core) family 6 model 76 stepping 4 microcode 0x411, cx8, cmov, fxsr, mmx, 3dnowpref, sse, sse2, sse3, ssse3, sse4.1, sse4.2, popcnt, tsc, tscinvbit, aes, erms, clmul, clflush, rdtscp
Processor Information for the first 2 processors :
  Max Mhz: 1601, Current Mhz: 1601, Mhz Limit: 1601

Memory: 4k page, system-wide physical 4040M (798M free)
TotalPageFile size 5341M (AvailPageFile size 424M)
current process WorkingSet (physical memory assigned to process): 35M, peak: 35M
current process commit charge ("private bytes"): 169M, peak: 169M

vm_info: OpenJDK 64-Bit Server VM (21.0.6+7-LTS) for windows-amd64 JRE (21.0.6+7-LTS), built on 2025-01-21T00:00:00Z by "admin" with MS VC++ 17.7 (VS2022)

END.
